[15:23:25] Avvio script v2.0.0 
[15:23:25] Directory progetto: C:\Users\Coemi\Desktop\SCRIPT\report-attivita-app 
[15:23:25] FASE 0: Pre-flight checks 
  [OK]  .env trovato 
  [OK]  File compose trovato 
  [OK]  Check spazio disco saltato 
[15:23:25] FASE 1: Sincronizzazione dati Excel 
  [OK]  Dati sincronizzati 
[15:23:25] FASE 2: Rilevamento Docker Compose 
  [OK]  docker compose v2 (plugin) 
[15:23:25] FASE 2: Verifica Docker daemon 
  [OK]  Docker daemon attivo 
[15:23:26] FASE 3: Arresto container 
 Container report-attivita-app-ngrok-1 Stopping 
 Container report-attivita-app-ngrok-1 Stopped 
 Container report-attivita-app-ngrok-1 Removing 
 Container report-attivita-app-ngrok-1 Removed 
 Container report-attivita-app-proxy-1 Stopping 
 Container report-attivita-app-proxy-1 Stopped 
 Container report-attivita-app-proxy-1 Removing 
 Container report-attivita-app-proxy-1 Removed 
 Container report-attivita-app-app-1 Stopping 
 Container report-attivita-app-app-1 Stopped 
 Container report-attivita-app-app-1 Removing 
 Container report-attivita-app-app-1 Removed 
 Network report-attivita-app_default Removing 
 Network report-attivita-app_default Removed 
  [OK]  Container arrestati 
[15:23:28] FASE 4: Ricostruzione e avvio 
