[11:06:53] Avvio script v2.0.0 
[11:06:53] Directory progetto: C:\Users\Coemi\Desktop\SCRIPT\report-attivita-app 
[11:06:53] FASE 0: Pre-flight checks 
  [OK]  .env trovato 
  [OK]  File compose trovato 
  [OK]  Check spazio disco saltato 
[11:06:53] FASE 1: Sincronizzazione dati Excel 
  [OK]  Dati sincronizzati 
[11:06:53] FASE 2: Rilevamento Docker Compose 
  [OK]  docker compose v2 (plugin) 
[11:06:53] FASE 2: Verifica Docker daemon 
  []  Docker daemon non attivo. Avvio automatico... 
[11:06:59] Avvio: C:\Program Files\Docker\Docker\Docker Desktop.exe 
  [OK]  Docker daemon avviato (9s) 
[11:07:20] FASE 3: Arresto container 
  [OK]  Container arrestati 
[11:07:21] FASE 4: Ricostruzione e avvio 
  [OK]  Build e avvio completati 
[11:23:54] FASE 6: Verifica stato container 
  [OK]  3 container in esecuzione 
