[06:57:45] Avvio script v2.0.0 
[06:57:45] Directory progetto: C:\Users\Coemi\Desktop\SCRIPT\report-attivita-app 
[06:57:45] FASE 0: Pre-flight checks 
  [OK]  .env trovato 
  [OK]  File compose trovato 
  [OK]  Check spazio disco saltato 
[06:57:45] FASE 1: Rilevamento Docker Compose 
  [OK]  docker compose v2 (plugin) 
[06:57:46] FASE 2: Verifica Docker daemon 
  []  Docker daemon non attivo. Avvio automatico... 
[06:57:48] Avvio: C:\Program Files\Docker\Docker\Docker Desktop.exe 
  [OK]  Docker daemon avviato (6s) 
[06:58:08] FASE 3: Arresto container 
 Container report-attivita-app-ngrok-1 Stopping 
 Container report-attivita-app-ngrok-1 Stopped 
 Container report-attivita-app-ngrok-1 Removing 
 Container report-attivita-app-ngrok-1 Removed 
 Container report-attivita-app-app-1 Stopping 
 Container report-attivita-app-app-1 Stopped 
 Container report-attivita-app-app-1 Removing 
 Container report-attivita-app-app-1 Removed 
 Network report-attivita-app_default Removing 
 Network report-attivita-app_default Removed 
  [OK]  Container arrestati 
[06:58:10] FASE 4: Ricostruzione e avvio 
