[12:02:25] Avvio script v2.0.0 
[12:02:25] Directory progetto: C:\Users\Coemi\Desktop\SCRIPT\report-attivita-app 
[12:02:25] FASE 0: Pre-flight checks 
  [OK]  .env trovato 
  [OK]  File compose trovato 
  [OK]  Check spazio disco saltato 
[12:02:25] FASE 1: Sincronizzazione dati Excel 
  [OK]  Dati sincronizzati 
[12:02:26] FASE 2: Rilevamento Docker Compose 
  [OK]  docker compose v2 (plugin) 
[12:02:26] FASE 2: Verifica Docker daemon 
  []  Docker daemon non attivo. Avvio automatico... 
[12:02:30] Avvio: C:\Program Files\Docker\Docker\Docker Desktop.exe 
  [OK]  Docker daemon avviato (9s) 
[12:02:49] FASE 3: Arresto container 
 Container report-attivita-app-ngrok-1 Stopping 
 Container report-attivita-app-ngrok-1 Stopped 
 Container report-attivita-app-ngrok-1 Removing 
 Container report-attivita-app-ngrok-1 Removed 
 Container report-attivita-app-proxy-1 Stopping 
 Container report-attivita-app-proxy-1 Stopped 
 Container report-attivita-app-proxy-1 Removing 
 Container report-attivita-app-proxy-1 Removed 
 Container report-attivita-app-app-1 Stopping 
 Container report-attivita-app-app-1 Stopped 
 Container report-attivita-app-app-1 Removing 
 Container report-attivita-app-app-1 Removed 
 Network report-attivita-app_default Removing 
 Network report-attivita-app_default Removed 
  [OK]  Container arrestati 
[12:02:51] FASE 4: Ricostruzione e avvio 
  [OK]  Build e avvio completati 
[13:54:42] FASE 6: Verifica stato container 
